<?xml version="1.0" encoding="UTF-8"?>
<!-- Generated by org.testng.reporters.JUnitXMLReporter -->
<testsuite ignored="0" hostname="gjangili-mac" failures="0" tests="2" name="Get Jacket Price" time="364.529" errors="0" timestamp="2025-03-02T13:28:52 IST">
  <testcase classname="io.cucumber.testng.AbstractTestNGCucumberTests" name="runScenario" time="349.438"/>
  <testcase classname="io.cucumber.testng.AbstractTestNGCucumberTests" name="runScenario" time="363.676"/>
</testsuite> <!-- Get Jacket Price -->
