<?xml version="1.0" encoding="UTF-8"?>
<!-- Generated by org.testng.reporters.JUnitXMLReporter -->
<testsuite ignored="0" hostname="gjangili-mac" failures="1" tests="2" name="Run Cucumber" time="403.799" errors="0" timestamp="2025-03-02T12:45:17 IST">
  <testcase classname="io.cucumber.testng.AbstractTestNGCucumberTests" name="runScenario" time="141.683">
    <failure type="org.openqa.selenium.ElementClickInterceptedException" message="element click intercepted: Element &amp;lt;a title=&amp;quot;...&amp;quot; tabindex=&amp;quot;-1&amp;quot; href=&amp;quot;/warriors/news&amp;quot; class=&amp;quot;_link_47u7w_11 text-2sm&amp;quot;&amp;gt;News &amp;amp;amp; Features&amp;lt;/a&amp;gt; is not clickable at point (124, 14). Other element would receive the click: &amp;lt;div class=&amp;quot;flex items-center justify-between mx-auto px-4 py-2 lg:max-w-screen-xxl&amp;quot;&amp;gt;...&amp;lt;/div&amp;gt;
  (Session info: chrome=133.0.6943.142)
Build info: version: &amp;apos;4.0.0&amp;apos;, revision: &amp;apos;3a21814679&amp;apos;
System info: host: &amp;apos;gjangili-mac&amp;apos;, ip: &amp;apos;fe80:0:0:0:45c:1f80:6110:985c%en0&amp;apos;, os.name: &amp;apos;Mac OS X&amp;apos;, os.arch: &amp;apos;x86_64&amp;apos;, os.version: &amp;apos;15.3.1&amp;apos;, java.version: &amp;apos;17.0.10&amp;apos;
Driver info: org.openqa.selenium.chrome.ChromeDriver
Command: [6890d7e655bbdaf7b9dea3d104e7f1fb, clickElement {id=f.1E7B97AC0711361E0EDA08E46CE611D3.d.712410137CCFDFDB0F5E5BB77AAD59FD.e.132}]
Capabilities {acceptInsecureCerts: false, browserName: chrome, browserVersion: 133.0.6943.142, chrome: {chromedriverVersion: 133.0.6943.141 (2a5d6da0d61..., userDataDir: /var/folders/l7/nbjc0s716m7...}, fedcm:accounts: true, goog:chromeOptions: {debuggerAddress: localhost:53075}, javascriptEnabled: true, networkConnectionEnabled: false, pageLoadStrategy: normal, platform: MAC, platformName: MAC, proxy: Proxy(), se:cdp: ws://localhost:53075/devtoo..., se:cdpVersion: 133.0.6943.142, setWindowRect: true, strictFileInteractability: false, timeouts: {implicit: 0, pageLoad: 300000, script: 30000}, unhandledPromptBehavior: dismiss and notify, webauthn:extension:credBlob: true, webauthn:extension:largeBlob: true, webauthn:extension:minPinLength: true, webauthn:extension:prf: true, webauthn:virtualAuthenticators: true}
Element: [[ChromeDriver: chrome on MAC (6890d7e655bbdaf7b9dea3d104e7f1fb)] -&amp;gt; xpath: //a[contains(@title,&amp;apos;News &amp;amp; Features&amp;apos;)]]
Session ID: 6890d7e655bbdaf7b9dea3d104e7f1fb">
      <![CDATA[org.openqa.selenium.ElementClickInterceptedException: element click intercepted: Element <a title="..." tabindex="-1" href="/warriors/news" class="_link_47u7w_11 text-2sm">News &amp; Features</a> is not clickable at point (124, 14). Other element would receive the click: <div class="flex items-center justify-between mx-auto px-4 py-2 lg:max-w-screen-xxl">...</div>
  (Session info: chrome=133.0.6943.142)
Build info: version: '4.0.0', revision: '3a21814679'
System info: host: 'gjangili-mac', ip: 'fe80:0:0:0:45c:1f80:6110:985c%en0', os.name: 'Mac OS X', os.arch: 'x86_64', os.version: '15.3.1', java.version: '17.0.10'
Driver info: org.openqa.selenium.chrome.ChromeDriver
Command: [6890d7e655bbdaf7b9dea3d104e7f1fb, clickElement {id=f.1E7B97AC0711361E0EDA08E46CE611D3.d.712410137CCFDFDB0F5E5BB77AAD59FD.e.132}]
Capabilities {acceptInsecureCerts: false, browserName: chrome, browserVersion: 133.0.6943.142, chrome: {chromedriverVersion: 133.0.6943.141 (2a5d6da0d61..., userDataDir: /var/folders/l7/nbjc0s716m7...}, fedcm:accounts: true, goog:chromeOptions: {debuggerAddress: localhost:53075}, javascriptEnabled: true, networkConnectionEnabled: false, pageLoadStrategy: normal, platform: MAC, platformName: MAC, proxy: Proxy(), se:cdp: ws://localhost:53075/devtoo..., se:cdpVersion: 133.0.6943.142, setWindowRect: true, strictFileInteractability: false, timeouts: {implicit: 0, pageLoad: 300000, script: 30000}, unhandledPromptBehavior: dismiss and notify, webauthn:extension:credBlob: true, webauthn:extension:largeBlob: true, webauthn:extension:minPinLength: true, webauthn:extension:prf: true, webauthn:virtualAuthenticators: true}
Element: [[ChromeDriver: chrome on MAC (6890d7e655bbdaf7b9dea3d104e7f1fb)] -> xpath: //a[contains(@title,'News & Features')]]
Session ID: 6890d7e655bbdaf7b9dea3d104e7f1fb
at org.openqa.selenium.remote.codec.w3c.W3CHttpResponseCodec.createException(W3CHttpResponseCodec.java:200)
at org.openqa.selenium.remote.codec.w3c.W3CHttpResponseCodec.decode(W3CHttpResponseCodec.java:133)
at org.openqa.selenium.remote.codec.w3c.W3CHttpResponseCodec.decode(W3CHttpResponseCodec.java:53)
at org.openqa.selenium.remote.HttpCommandExecutor.execute(HttpCommandExecutor.java:184)
at org.openqa.selenium.remote.service.DriverCommandExecutor.invokeExecute(DriverCommandExecutor.java:164)
at org.openqa.selenium.remote.service.DriverCommandExecutor.execute(DriverCommandExecutor.java:139)
at org.openqa.selenium.remote.RemoteWebDriver.execute(RemoteWebDriver.java:559)
at org.openqa.selenium.remote.RemoteWebElement.execute(RemoteWebElement.java:251)
at org.openqa.selenium.remote.RemoteWebElement.click(RemoteWebElement.java:77)
at org.openqa.selenium.support.pagefactory.internal.LocatingElementHandler.invoke(LocatingElementHandler.java:52)
at jdk.proxy2/jdk.proxy2.$Proxy29.click(Unknown Source)
at com.framework.pages.BasePage.clickElement(BasePage.java:28)
at com.nba.wariors.pages.ShopPage.navigateToNewAndFeaturesSection(ShopPage.java:179)
at com.nba.warriors.stepdefinitions.ShopSteps.userNavigatesToNewsFeaturesSection(ShopSteps.java:59)
at ✽.User navigates to News and Features Page from CP Home Page(file:///opt/Automation/lsaasqr/WebTestAutomation/core-product-tests/src/test/resources/features/CountVideoFeeds.feature:4)
... Removed 9 stack frames]]>
    </failure>
  </testcase> <!-- runScenario -->
  <testcase classname="io.cucumber.testng.AbstractTestNGCucumberTests" name="runScenario" time="261.382"/>
</testsuite> <!-- Run Cucumber -->
