<?xml version="1.0" encoding="UTF-8"?>
<testng-results ignored="0" total="1" passed="1" failed="0" skipped="0">
  <reporter-output>
  </reporter-output>
  <suite started-at="2025-03-02T18:00:07 IST" name="Cucumber Test Suite" finished-at="2025-03-02T18:01:41 IST" duration-ms="94296">
    <groups>
      <group name="cucumber">
        <method signature="AbstractTestNGCucumberTests.runScenario(io.cucumber.testng.PickleWrapper, io.cucumber.testng.FeatureWrapper)[pri:0, instance:com.nba.bulls.runner.HomePageFooterRunner@2b91004a]" name="runScenario" class="io.cucumber.testng.AbstractTestNGCucumberTests"/>
      </group> <!-- cucumber -->
    </groups>
    <test started-at="2025-03-02T18:00:07 IST" name="Get Jacket Price" finished-at="2025-03-02T18:01:41 IST" duration-ms="94296">
      <class name="com.nba.bulls.runner.HomePageFooterRunner">
        <test-method is-config="true" signature="setUpClass(org.testng.ITestContext)[pri:0, instance:com.nba.bulls.runner.HomePageFooterRunner@2b91004a]" started-at="2025-03-02T18:00:07 IST" name="setUpClass" finished-at="2025-03-02T18:00:08 IST" duration-ms="637" status="PASS">
          <params>
            <param index="0">
              <value>
                <![CDATA[org.testng.TestRunner@15bb5034]]>
              </value>
            </param>
          </params>
          <reporter-output>
          </reporter-output>
        </test-method> <!-- setUpClass -->
        <test-method signature="runScenario(io.cucumber.testng.PickleWrapper, io.cucumber.testng.FeatureWrapper)[pri:0, instance:com.nba.bulls.runner.HomePageFooterRunner@2b91004a]" started-at="2025-03-02T18:00:08 IST" name="runScenario" description="Runs Cucumber Scenarios" data-provider="scenarios" finished-at="2025-03-02T18:01:41 IST" duration-ms="93602" status="PASS">
          <params>
            <param index="0">
              <value>
                <![CDATA["Write all Footer link to CSV and determine duplicate links"]]>
              </value>
            </param>
            <param index="1">
              <value>
                <![CDATA["Get all Footer Link and Write them to CSV"]]>
              </value>
            </param>
          </params>
          <reporter-output>
          </reporter-output>
        </test-method> <!-- runScenario -->
        <test-method is-config="true" signature="tearDownClass()[pri:0, instance:com.nba.bulls.runner.HomePageFooterRunner@2b91004a]" started-at="2025-03-02T18:01:41 IST" name="tearDownClass" finished-at="2025-03-02T18:01:41 IST" duration-ms="30" status="PASS">
          <reporter-output>
          </reporter-output>
        </test-method> <!-- tearDownClass -->
      </class> <!-- com.nba.bulls.runner.HomePageFooterRunner -->
    </test> <!-- Get Jacket Price -->
  </suite> <!-- Cucumber Test Suite -->
</testng-results>
